  Scanning sources for module dependencies...
  MenuCommands.h
  FireTank.h
  Compiling...
  MenuCommands.h
  FireTank.h
  Actor.cpp
  ActorManager.cpp
  Bullet.cpp
  Button.cpp
D:\u2718717\TankGame\TankGame\TankGame\RayLibWithGUI\Button.cpp(44,52): warning C4244: 'argument': conversion from 'float' to 'int', possible loss of data
D:\u2718717\TankGame\TankGame\TankGame\RayLibWithGUI\Button.cpp(44,44): warning C4244: 'argument': conversion from 'float' to 'int', possible loss of data
D:\u2718717\TankGame\TankGame\TankGame\RayLibWithGUI\Button.cpp(44,36): warning C4244: 'argument': conversion from 'float' to 'int', possible loss of data
D:\u2718717\TankGame\TankGame\TankGame\RayLibWithGUI\Button.cpp(44,24): warning C4244: 'argument': conversion from 'float' to 'int', possible loss of data
D:\u2718717\TankGame\TankGame\TankGame\RayLibWithGUI\Button.cpp(45,57): warning C4244: 'argument': conversion from 'float' to 'int', possible loss of data
D:\u2718717\TankGame\TankGame\TankGame\RayLibWithGUI\Button.cpp(45,49): warning C4244: 'argument': conversion from 'float' to 'int', possible loss of data
D:\u2718717\TankGame\TankGame\TankGame\RayLibWithGUI\Button.cpp(45,41): warning C4244: 'argument': conversion from 'float' to 'int', possible loss of data
D:\u2718717\TankGame\TankGame\TankGame\RayLibWithGUI\Button.cpp(45,29): warning C4244: 'argument': conversion from 'float' to 'int', possible loss of data
D:\u2718717\TankGame\TankGame\TankGame\RayLibWithGUI\Button.cpp(46,61): warning C4244: 'argument': conversion from 'float' to 'int', possible loss of data
D:\u2718717\TankGame\TankGame\TankGame\RayLibWithGUI\Button.cpp(46,36): warning C4244: 'argument': conversion from 'float' to 'int', possible loss of data
  FireTank.cpp
  GameData.cpp
  Main.cpp
D:\u2718717\TankGame\TankGame\TankGame\RayLibWithGUI\PlayState.h(32,21): warning C4305: 'initializing': truncation from 'double' to 'float'
  MenuCommands.cpp
D:\u2718717\TankGame\TankGame\TankGame\RayLibWithGUI\PlayState.h(32,21): warning C4305: 'initializing': truncation from 'double' to 'float'
  MenuState.cpp
D:\u2718717\TankGame\TankGame\TankGame\RayLibWithGUI\PlayState.h(32,21): warning C4305: 'initializing': truncation from 'double' to 'float'
  OverState.cpp
D:\u2718717\TankGame\TankGame\TankGame\RayLibWithGUI\PlayState.h(32,21): warning C4305: 'initializing': truncation from 'double' to 'float'
  PlayerController.cpp
  PlayState.cpp
D:\u2718717\TankGame\TankGame\TankGame\RayLibWithGUI\PlayState.h(32,21): warning C4305: 'initializing': truncation from 'double' to 'float'
  State.cpp
  Tank.cpp
  TankController.cpp
  Wall.cpp
D:\u2718717\TankGame\TankGame\TankGame\RayLibWithGUI\Wall.cpp(13,58): warning C4244: 'argument': conversion from 'int' to 'float', possible loss of data
D:\u2718717\TankGame\TankGame\TankGame\RayLibWithGUI\Wall.cpp(13,100): warning C4244: 'argument': conversion from 'int' to 'float', possible loss of data
D:\u2718717\TankGame\TankGame\TankGame\RayLibWithGUI\Wall.cpp(17,38): warning C4244: 'argument': conversion from 'const int' to 'float', possible loss of data
D:\u2718717\TankGame\TankGame\TankGame\RayLibWithGUI\Wall.cpp(17,32): warning C4244: 'argument': conversion from 'const int' to 'float', possible loss of data
D:\u2718717\TankGame\TankGame\TankGame\RayLibWithGUI\Wall.cpp(17,26): warning C4244: 'argument': conversion from 'const int' to 'float', possible loss of data
  Generating Code...
LINK : warning LNK4098: defaultlib 'MSVCRT' conflicts with use of other libs; use /NODEFAULTLIB:library
  ExampleProjectGUI.vcxproj -> D:\u2718717\TankGame\TankGame\TankGame\x64\Debug\ExampleProjectGUI.exe
